Using pre-set license
Built from '2021.3/staging' branch; Version is '2021.3.14f1 (eee1884e7226) revision 15655304'; Using compiler version '192829333'; Build Type 'Release'
OS: 'Windows 10  (10.0.19045) 64bit Professional' Language: 'ru' Physical Memory: 16202 MB
BatchMode: 1, IsHumanControllingUs: 0, StartBugReporterOnCrash: 0, Is64bit: 1, IsPro: 1

COMMAND LINE ARGUMENTS:
C:\Program Files\Unity\Hub\Editor\2021.3.14f1\Editor\Unity.exe
-adb2
-batchMode
-noUpm
-name
AssetImportWorker0
-projectPath
D:/Projects/TEST
-logFile
Logs/AssetImportWorker0.log
-srvPort
49840
Successfully changed project path to: D:/Projects/TEST
D:/Projects/TEST
[UnityMemory] Configuration Parameters - Can be set up in boot.config
    "memorysetup-bucket-allocator-granularity=16"
    "memorysetup-bucket-allocator-bucket-count=8"
    "memorysetup-bucket-allocator-block-size=33554432"
    "memorysetup-bucket-allocator-block-count=8"
    "memorysetup-main-allocator-block-size=16777216"
    "memorysetup-thread-allocator-block-size=16777216"
    "memorysetup-gfx-main-allocator-block-size=16777216"
    "memorysetup-gfx-thread-allocator-block-size=16777216"
    "memorysetup-cache-allocator-block-size=4194304"
    "memorysetup-typetree-allocator-block-size=2097152"
    "memorysetup-profiler-bucket-allocator-granularity=16"
    "memorysetup-profiler-bucket-allocator-bucket-count=8"
    "memorysetup-profiler-bucket-allocator-block-size=33554432"
    "memorysetup-profiler-bucket-allocator-block-count=8"
    "memorysetup-profiler-allocator-block-size=16777216"
    "memorysetup-profiler-editor-allocator-block-size=1048576"
    "memorysetup-temp-allocator-size-main=16777216"
    "memorysetup-job-temp-allocator-block-size=2097152"
    "memorysetup-job-temp-allocator-block-size-background=1048576"
    "memorysetup-job-temp-allocator-reduction-small-platforms=262144"
    "memorysetup-temp-allocator-size-background-worker=32768"
    "memorysetup-temp-allocator-size-job-worker=262144"
    "memorysetup-temp-allocator-size-preload-manager=33554432"
    "memorysetup-temp-allocator-size-nav-mesh-worker=65536"
    "memorysetup-temp-allocator-size-audio-worker=65536"
    "memorysetup-temp-allocator-size-cloud-worker=32768"
    "memorysetup-temp-allocator-size-gi-baking-worker=262144"
    "memorysetup-temp-allocator-size-gfx=262144"
Refreshing native plugins compatible for Editor in 120.40 ms, found 3 plugins.
Preloading 0 native plugins for Editor in 0.00 ms.
Initialize engine version: 2021.3.14f1 (eee1884e7226)
[Subsystems] Discovering subsystems at path C:/Program Files/Unity/Hub/Editor/2021.3.14f1/Editor/Data/Resources/UnitySubsystems
[Subsystems] Discovering subsystems at path D:/Projects/TEST/Assets
GfxDevice: creating device client; threaded=0; jobified=0
Direct3D:
    Version:  Direct3D 11.0 [level 11.1]
    Renderer: NVIDIA GeForce RTX 3050 Laptop GPU (ID=0x25a2)
    Vendor:   NVIDIA
    VRAM:     3977 MB
    Driver:   31.0.15.3118
Initialize mono
Mono path[0] = 'C:/Program Files/Unity/Hub/Editor/2021.3.14f1/Editor/Data/Managed'
Mono path[1] = 'C:/Program Files/Unity/Hub/Editor/2021.3.14f1/Editor/Data/MonoBleedingEdge/lib/mono/unityjit-win32'
Mono config path = 'C:/Program Files/Unity/Hub/Editor/2021.3.14f1/Editor/Data/MonoBleedingEdge/etc'
Using monoOptions --debugger-agent=transport=dt_socket,embedding=1,server=y,suspend=n,address=127.0.0.1:56796
Begin MonoManager ReloadAssembly
Registering precompiled unity dll's ...
Register platform support module: C:/Program Files/Unity/Hub/Editor/2021.3.14f1/Editor/Data/PlaybackEngines/WebGLSupport/UnityEditor.WebGL.Extensions.dll
Register platform support module: C:/Program Files/Unity/Hub/Editor/2021.3.14f1/Editor/Data/PlaybackEngines/WindowsStandaloneSupport/UnityEditor.WindowsStandalone.Extensions.dll
Registered in 0.006957 seconds.
Native extension for WindowsStandalone target not found
Native extension for WebGL target not found
Refreshing native plugins compatible for Editor in 127.96 ms, found 3 plugins.
Preloading 0 native plugins for Editor in 0.00 ms.
Mono: successfully reloaded assembly
- Completed reload, in  0.659 seconds
Domain Reload Profiling:
	ReloadAssembly (660ms)
		BeginReloadAssembly (76ms)
			ExecutionOrderSort (0ms)
			DisableScriptedObjects (0ms)
			BackupInstance (0ms)
			ReleaseScriptingObjects (0ms)
			CreateAndSetChildDomain (1ms)
		EndReloadAssembly (477ms)
			LoadAssemblies (74ms)
			RebuildTransferFunctionScriptingTraits (0ms)
			SetupTypeCache (100ms)
			ReleaseScriptCaches (0ms)
			RebuildScriptCaches (27ms)
			SetupLoadedEditorAssemblies (302ms)
				LogAssemblyErrors (0ms)
				InitializePlatformSupportModulesInManaged (9ms)
				SetLoadedEditorAssemblies (0ms)
				RefreshPlugins (128ms)
				BeforeProcessingInitializeOnLoad (1ms)
				ProcessInitializeOnLoadAttributes (123ms)
				ProcessInitializeOnLoadMethodAttributes (41ms)
				AfterProcessingInitializeOnLoad (0ms)
				EditorAssembliesLoaded (0ms)
			ExecutionOrderSort2 (0ms)
			AwakeInstancesAfterBackupRestoration (0ms)
Platform modules already initialized, skipping
Registering precompiled user dll's ...
Registered in 0.007778 seconds.
Begin MonoManager ReloadAssembly
Symbol file LoadedFromMemory doesn't match image D:\Projects\TEST\Library\PackageCache\com.unity.visualscripting@1.7.8\Editor\VisualScripting.Core\Dependencies\YamlDotNet\Unity.VisualScripting.YamlDotNet.dll
Symbol file LoadedFromMemory doesn't match image D:\Projects\TEST\Library\PackageCache\com.unity.visualscripting@1.7.8\Editor\VisualScripting.Core\Dependencies\DotNetZip\Unity.VisualScripting.IonicZip.dll
Native extension for WindowsStandalone target not found
Native extension for WebGL target not found
Refreshing native plugins compatible for Editor in 129.51 ms, found 3 plugins.
Preloading 0 native plugins for Editor in 0.00 ms.
Mono: successfully reloaded assembly
- Completed reload, in  1.389 seconds
Domain Reload Profiling:
	ReloadAssembly (1390ms)
		BeginReloadAssembly (108ms)
			ExecutionOrderSort (0ms)
			DisableScriptedObjects (6ms)
			BackupInstance (0ms)
			ReleaseScriptingObjects (0ms)
			CreateAndSetChildDomain (17ms)
		EndReloadAssembly (1164ms)
			LoadAssemblies (86ms)
			RebuildTransferFunctionScriptingTraits (0ms)
			SetupTypeCache (331ms)
			ReleaseScriptCaches (1ms)
			RebuildScriptCaches (68ms)
			SetupLoadedEditorAssemblies (642ms)
				LogAssemblyErrors (0ms)
				InitializePlatformSupportModulesInManaged (6ms)
				SetLoadedEditorAssemblies (0ms)
				RefreshPlugins (130ms)
				BeforeProcessingInitializeOnLoad (134ms)
				ProcessInitializeOnLoadAttributes (282ms)
				ProcessInitializeOnLoadMethodAttributes (84ms)
				AfterProcessingInitializeOnLoad (7ms)
				EditorAssembliesLoaded (0ms)
			ExecutionOrderSort2 (0ms)
			AwakeInstancesAfterBackupRestoration (5ms)
Platform modules already initialized, skipping
========================================================================
Worker process is ready to serve import requests
Launched and connected shader compiler UnityShaderCompiler.exe after 0.03 seconds
Refreshing native plugins compatible for Editor in 2.10 ms, found 3 plugins.
Preloading 0 native plugins for Editor in 0.00 ms.
Unloading 6395 Unused Serialized files (Serialized files now loaded: 0)
Unloading 58 unused Assets / (0.8 MB). Loaded Objects now: 6914.
Memory consumption went from 233.5 MB to 232.7 MB.
Total: 7.210000 ms (FindLiveObjects: 0.803400 ms CreateObjectMapping: 0.913000 ms MarkObjects: 4.985000 ms  DeleteObjects: 0.507200 ms)

AssetImportParameters requested are different than current active one (requested -> active):
  custom:video-decoder-ogg-theora: a1e56fd34408186e4bbccfd4996cb3dc -> 
  custom:container-muxer-webm: aa71ff27fc2769a1b78a27578f13a17b -> 
  custom:container-demuxer-webm: 4f35f7cbe854078d1ac9338744f61a02 -> 
  custom:video-encoder-webm-vp8: eb34c28f22e8b96e1ab97ce403110664 -> 
  custom:audio-encoder-webm-vorbis: bf7c407c2cedff20999df2af8eb42d56 -> 
  custom:framework-win-MediaFoundation: 216162199b28c13a410421893ffa2e32 -> 
  custom:container-demuxer-ogg: 62fdf1f143b41e24485cea50d1cbac27 -> 
  custom:video-decoder-webm-vp8: 9c59270c3fd7afecdb556c50c9e8de78 -> 
  custom:audio-decoder-ogg-vorbis: bf7c407c2cedff20999df2af8eb42d56 -> 
========================================================================
Received Import Request.
  Time since last request: 322086.656927 seconds.
  path: Assets/Scenes
  artifactKey: Guid(6ea315d0fd7389c41b19996891e99ae3) Importer(815301076,1909f56bfc062723c751e8b465ee728b)
Start importing Assets/Scenes using Guid(6ea315d0fd7389c41b19996891e99ae3) Importer(815301076,1909f56bfc062723c751e8b465ee728b)  -> (artifact id: 'b8193726cff86800c54781cdc6d54904') in 0.021309 seconds 
========================================================================
Received Import Request.
  Time since last request: 1.783582 seconds.
  path: Assets/Scenes/SampleScene.unity
  artifactKey: Guid(9fc0d4010bbf28b4594072e72b8655ab) Importer(815301076,1909f56bfc062723c751e8b465ee728b)
Start importing Assets/Scenes/SampleScene.unity using Guid(9fc0d4010bbf28b4594072e72b8655ab) Importer(815301076,1909f56bfc062723c751e8b465ee728b)  -> (artifact id: 'e55ccaa32d8e5c1de03c07a5412c8c3c') in 0.005402 seconds 
========================================================================
Received Import Request.
  Time since last request: 13.147447 seconds.
  path: Assets/Plugins
  artifactKey: Guid(002c89f108a697847977b73c3bbe823e) Importer(815301076,1909f56bfc062723c751e8b465ee728b)
Start importing Assets/Plugins using Guid(002c89f108a697847977b73c3bbe823e) Importer(815301076,1909f56bfc062723c751e8b465ee728b)  -> (artifact id: 'ec462aa29ff61a4c8889519ac45b4f04') in 0.007123 seconds 
========================================================================
Received Import Request.
  Time since last request: 2.047525 seconds.
  path: Assets/Plugins/CW
  artifactKey: Guid(05c0f87c573c3d14e842fd71753b23d5) Importer(815301076,1909f56bfc062723c751e8b465ee728b)
Start importing Assets/Plugins/CW using Guid(05c0f87c573c3d14e842fd71753b23d5) Importer(815301076,1909f56bfc062723c751e8b465ee728b)  -> (artifact id: '2f3b00c593b651d211391a1134ff0de2') in 0.007296 seconds 
========================================================================
Received Import Request.
  Time since last request: 2.133248 seconds.
  path: Assets/Plugins/CW/Shared
  artifactKey: Guid(7f2f9a29d342c474ab2a7df0fa8cb0d1) Importer(815301076,1909f56bfc062723c751e8b465ee728b)
Start importing Assets/Plugins/CW/Shared using Guid(7f2f9a29d342c474ab2a7df0fa8cb0d1) Importer(815301076,1909f56bfc062723c751e8b465ee728b)  -> (artifact id: '855b2160388ac5ee378bd95751382c23') in 0.006509 seconds 
========================================================================
Received Import Request.
  Time since last request: 5.942717 seconds.
  path: Assets/Plugins/CW/Backgrounds/CW.SpaceBackgrounds.asmdef
  artifactKey: Guid(fd021395270c3ec4ba92bdc98a97f1cc) Importer(815301076,1909f56bfc062723c751e8b465ee728b)
Start importing Assets/Plugins/CW/Backgrounds/CW.SpaceBackgrounds.asmdef using Guid(fd021395270c3ec4ba92bdc98a97f1cc) Importer(815301076,1909f56bfc062723c751e8b465ee728b)  -> (artifact id: '810c57917bcce88a35114a0390f8d988') in 0.019132 seconds 
========================================================================
Received Import Request.
  Time since last request: 0.000028 seconds.
  path: Assets/Plugins/CW/Backgrounds
  artifactKey: Guid(fef13acf4bfa2184398b7b6305f35457) Importer(815301076,1909f56bfc062723c751e8b465ee728b)
Start importing Assets/Plugins/CW/Backgrounds using Guid(fef13acf4bfa2184398b7b6305f35457) Importer(815301076,1909f56bfc062723c751e8b465ee728b)  -> (artifact id: 'eac848ab9a61383d92a21a40025339fa') in 0.007023 seconds 
========================================================================
Received Import Request.
  Time since last request: 1.750203 seconds.
  path: Assets/Plugins/CW/Backgrounds/Required
  artifactKey: Guid(9d07e7296669372438e235fa7ed107da) Importer(815301076,1909f56bfc062723c751e8b465ee728b)
Start importing Assets/Plugins/CW/Backgrounds/Required using Guid(9d07e7296669372438e235fa7ed107da) Importer(815301076,1909f56bfc062723c751e8b465ee728b)  -> (artifact id: '1401bb85f1a5256e2d486ca199b4a7cb') in 0.006868 seconds 
========================================================================
Received Import Request.
  Time since last request: 2.834458 seconds.
  path: Assets/Plugins/CW/Backgrounds/Examples
  artifactKey: Guid(da0ff9cf285ade5489885a38ecfc9105) Importer(815301076,1909f56bfc062723c751e8b465ee728b)
Start importing Assets/Plugins/CW/Backgrounds/Examples using Guid(da0ff9cf285ade5489885a38ecfc9105) Importer(815301076,1909f56bfc062723c751e8b465ee728b)  -> (artifact id: '113acdf7f625ce9f164dcad6df742e63') in 0.005569 seconds 
========================================================================
Received Import Request.
  Time since last request: 1.683940 seconds.
  path: Assets/Plugins/CW/Backgrounds/Examples/Sprites
  artifactKey: Guid(724e88c79621c16489ffaa2e6d725e5f) Importer(815301076,1909f56bfc062723c751e8b465ee728b)
Start importing Assets/Plugins/CW/Backgrounds/Examples/Sprites using Guid(724e88c79621c16489ffaa2e6d725e5f) Importer(815301076,1909f56bfc062723c751e8b465ee728b)  -> (artifact id: '9ee6d901bcbae69812c8f072133ae8c7') in 0.006329 seconds 
========================================================================
Received Import Request.
  Time since last request: 0.813956 seconds.
  path: Assets/Plugins/CW/Backgrounds/Examples/Prefabs/Demo.prefab
  artifactKey: Guid(e8c8ecbc9da674b4799919bf99ac7d17) Importer(815301076,1909f56bfc062723c751e8b465ee728b)
Start importing Assets/Plugins/CW/Backgrounds/Examples/Prefabs/Demo.prefab using Guid(e8c8ecbc9da674b4799919bf99ac7d17) Importer(815301076,1909f56bfc062723c751e8b465ee728b)  -> (artifact id: '11d0f73979bd889b6dd8753651db06aa') in 0.040876 seconds 
========================================================================
Received Import Request.
  Time since last request: 6.787896 seconds.
  path: Assets/Plugins/CW/Backgrounds/Examples/Sprites/Zoom In.png
  artifactKey: Guid(1ef2da961942ca644a28b31d5bdfa940) Importer(815301076,1909f56bfc062723c751e8b465ee728b)
Start importing Assets/Plugins/CW/Backgrounds/Examples/Sprites/Zoom In.png using Guid(1ef2da961942ca644a28b31d5bdfa940) Importer(815301076,1909f56bfc062723c751e8b465ee728b)  -> (artifact id: '54eaa15c61cbbc4acb54a6bd3dddd751') in 0.070468 seconds 
========================================================================
Received Import Request.
  Time since last request: 0.000019 seconds.
  path: Assets/Plugins/CW/Backgrounds/Examples/Sprites/Zoom Slider.png
  artifactKey: Guid(5488a7029f394b1448df7ae6436ad883) Importer(815301076,1909f56bfc062723c751e8b465ee728b)
Start importing Assets/Plugins/CW/Backgrounds/Examples/Sprites/Zoom Slider.png using Guid(5488a7029f394b1448df7ae6436ad883) Importer(815301076,1909f56bfc062723c751e8b465ee728b)  -> (artifact id: '70e6d1488b842ce74d5e1560c1996532') in 0.020840 seconds 
========================================================================
Received Import Request.
  Time since last request: 84.830990 seconds.
  path: Assets/Plugins/PlayMaker
  artifactKey: Guid(c8d1cf7123a68d44f9a3dc9bd83ceafd) Importer(815301076,1909f56bfc062723c751e8b465ee728b)
Start importing Assets/Plugins/PlayMaker using Guid(c8d1cf7123a68d44f9a3dc9bd83ceafd) Importer(815301076,1909f56bfc062723c751e8b465ee728b)  -> (artifact id: '87d1440fe47d288da0ce5ad1f967d9f7') in 0.006621 seconds 
========================================================================
Received Import Request.
  Time since last request: 14.199817 seconds.
  path: Assets/EI.Stars
  artifactKey: Guid(dd199b2859bfd7440bf75fd41bdb730e) Importer(815301076,1909f56bfc062723c751e8b465ee728b)
Start importing Assets/EI.Stars using Guid(dd199b2859bfd7440bf75fd41bdb730e) Importer(815301076,1909f56bfc062723c751e8b465ee728b)  -> (artifact id: '67c7ddd1b03b2021ae07f27fa5a81efc') in 0.007586 seconds 
========================================================================
Received Import Request.
  Time since last request: 2.147905 seconds.
  path: Assets/EI.Stars/Scenes
  artifactKey: Guid(6fa09790e6551c9479c6137a681d6ce9) Importer(815301076,1909f56bfc062723c751e8b465ee728b)
Start importing Assets/EI.Stars/Scenes using Guid(6fa09790e6551c9479c6137a681d6ce9) Importer(815301076,1909f56bfc062723c751e8b465ee728b)  -> (artifact id: 'd8fd0115e9c9f25ef74dc98f0943e38c') in 0.001633 seconds 
========================================================================
Received Import Request.
  Time since last request: 1.717627 seconds.
  path: Assets/EI.Stars/Scenes/star_yellow.unity
  artifactKey: Guid(8f798c5007c61f2449ee9a73f569650b) Importer(815301076,1909f56bfc062723c751e8b465ee728b)
Start importing Assets/EI.Stars/Scenes/star_yellow.unity using Guid(8f798c5007c61f2449ee9a73f569650b) Importer(815301076,1909f56bfc062723c751e8b465ee728b)  -> (artifact id: 'b40f6fce1dbc4025d724802661726b2d') in 0.005195 seconds 
========================================================================
Received Prepare
Registering precompiled user dll's ...
Registered in 0.007157 seconds.
Begin MonoManager ReloadAssembly
Symbol file LoadedFromMemory doesn't match image D:\Projects\TEST\Library\PackageCache\com.unity.visualscripting@1.7.8\Editor\VisualScripting.Core\Dependencies\YamlDotNet\Unity.VisualScripting.YamlDotNet.dll
Symbol file LoadedFromMemory doesn't match image D:\Projects\TEST\Library\PackageCache\com.unity.visualscripting@1.7.8\Editor\VisualScripting.Core\Dependencies\DotNetZip\Unity.VisualScripting.IonicZip.dll
Native extension for WindowsStandalone target not found
Native extension for WebGL target not found
Refreshing native plugins compatible for Editor in 1.66 ms, found 3 plugins.
Preloading 0 native plugins for Editor in 0.00 ms.
Mono: successfully reloaded assembly
- Completed reload, in  1.511 seconds
Domain Reload Profiling:
	ReloadAssembly (1512ms)
		BeginReloadAssembly (130ms)
			ExecutionOrderSort (0ms)
			DisableScriptedObjects (5ms)
			BackupInstance (0ms)
			ReleaseScriptingObjects (0ms)
			CreateAndSetChildDomain (38ms)
		EndReloadAssembly (1273ms)
			LoadAssemblies (92ms)
			RebuildTransferFunctionScriptingTraits (0ms)
			SetupTypeCache (457ms)
			ReleaseScriptCaches (3ms)
			RebuildScriptCaches (71ms)
			SetupLoadedEditorAssemblies (585ms)
				LogAssemblyErrors (0ms)
				InitializePlatformSupportModulesInManaged (18ms)
				SetLoadedEditorAssemblies (1ms)
				RefreshPlugins (2ms)
				BeforeProcessingInitializeOnLoad (112ms)
				ProcessInitializeOnLoadAttributes (332ms)
				ProcessInitializeOnLoadMethodAttributes (111ms)
				AfterProcessingInitializeOnLoad (9ms)
				EditorAssembliesLoaded (0ms)
			ExecutionOrderSort2 (0ms)
			AwakeInstancesAfterBackupRestoration (10ms)
Platform modules already initialized, skipping
Refreshing native plugins compatible for Editor in 3.64 ms, found 3 plugins.
Preloading 0 native plugins for Editor in 0.00 ms.
Unloading 6311 Unused Serialized files (Serialized files now loaded: 0)
Unloading 48 unused Assets / (0.8 MB). Loaded Objects now: 6925.
Memory consumption went from 231.5 MB to 230.7 MB.
Total: 6.279000 ms (FindLiveObjects: 0.537100 ms CreateObjectMapping: 1.087900 ms MarkObjects: 3.778200 ms  DeleteObjects: 0.874200 ms)

AssetImportParameters requested are different than current active one (requested -> active):
  custom:video-decoder-ogg-theora: a1e56fd34408186e4bbccfd4996cb3dc -> 
  custom:container-muxer-webm: aa71ff27fc2769a1b78a27578f13a17b -> 
  custom:container-demuxer-webm: 4f35f7cbe854078d1ac9338744f61a02 -> 
  custom:video-encoder-webm-vp8: eb34c28f22e8b96e1ab97ce403110664 -> 
  custom:audio-encoder-webm-vorbis: bf7c407c2cedff20999df2af8eb42d56 -> 
  custom:framework-win-MediaFoundation: 216162199b28c13a410421893ffa2e32 -> 
  custom:container-demuxer-ogg: 62fdf1f143b41e24485cea50d1cbac27 -> 
  custom:video-decoder-webm-vp8: 9c59270c3fd7afecdb556c50c9e8de78 -> 
  custom:audio-decoder-ogg-vorbis: bf7c407c2cedff20999df2af8eb42d56 -> 
========================================================================
Received Prepare
Registering precompiled user dll's ...
Registered in 0.007518 seconds.
Begin MonoManager ReloadAssembly
Symbol file LoadedFromMemory doesn't match image D:\Projects\TEST\Library\PackageCache\com.unity.visualscripting@1.7.8\Editor\VisualScripting.Core\Dependencies\YamlDotNet\Unity.VisualScripting.YamlDotNet.dll
Symbol file LoadedFromMemory doesn't match image D:\Projects\TEST\Library\PackageCache\com.unity.visualscripting@1.7.8\Editor\VisualScripting.Core\Dependencies\DotNetZip\Unity.VisualScripting.IonicZip.dll
Native extension for WindowsStandalone target not found
Native extension for WebGL target not found
Refreshing native plugins compatible for Editor in 1.62 ms, found 3 plugins.
Preloading 0 native plugins for Editor in 0.00 ms.
Mono: successfully reloaded assembly
- Completed reload, in  1.334 seconds
Domain Reload Profiling:
	ReloadAssembly (1335ms)
		BeginReloadAssembly (140ms)
			ExecutionOrderSort (0ms)
			DisableScriptedObjects (6ms)
			BackupInstance (0ms)
			ReleaseScriptingObjects (0ms)
			CreateAndSetChildDomain (44ms)
		EndReloadAssembly (1101ms)
			LoadAssemblies (88ms)
			RebuildTransferFunctionScriptingTraits (0ms)
			SetupTypeCache (398ms)
			ReleaseScriptCaches (4ms)
			RebuildScriptCaches (72ms)
			SetupLoadedEditorAssemblies (491ms)
				LogAssemblyErrors (0ms)
				InitializePlatformSupportModulesInManaged (18ms)
				SetLoadedEditorAssemblies (0ms)
				RefreshPlugins (2ms)
				BeforeProcessingInitializeOnLoad (104ms)
				ProcessInitializeOnLoadAttributes (276ms)
				ProcessInitializeOnLoadMethodAttributes (85ms)
				AfterProcessingInitializeOnLoad (7ms)
				EditorAssembliesLoaded (0ms)
			ExecutionOrderSort2 (0ms)
			AwakeInstancesAfterBackupRestoration (5ms)
Platform modules already initialized, skipping
Refreshing native plugins compatible for Editor in 2.47 ms, found 3 plugins.
Preloading 0 native plugins for Editor in 0.00 ms.
Unloading 6311 Unused Serialized files (Serialized files now loaded: 0)
Unloading 47 unused Assets / (0.8 MB). Loaded Objects now: 6928.
Memory consumption went from 231.5 MB to 230.7 MB.
Total: 3.825900 ms (FindLiveObjects: 0.522100 ms CreateObjectMapping: 0.460400 ms MarkObjects: 2.540500 ms  DeleteObjects: 0.302000 ms)

AssetImportParameters requested are different than current active one (requested -> active):
  custom:video-decoder-ogg-theora: a1e56fd34408186e4bbccfd4996cb3dc -> 
  custom:container-muxer-webm: aa71ff27fc2769a1b78a27578f13a17b -> 
  custom:container-demuxer-webm: 4f35f7cbe854078d1ac9338744f61a02 -> 
  custom:video-encoder-webm-vp8: eb34c28f22e8b96e1ab97ce403110664 -> 
  custom:audio-encoder-webm-vorbis: bf7c407c2cedff20999df2af8eb42d56 -> 
  custom:framework-win-MediaFoundation: 216162199b28c13a410421893ffa2e32 -> 
  custom:container-demuxer-ogg: 62fdf1f143b41e24485cea50d1cbac27 -> 
  custom:video-decoder-webm-vp8: 9c59270c3fd7afecdb556c50c9e8de78 -> 
  custom:audio-decoder-ogg-vorbis: bf7c407c2cedff20999df2af8eb42d56 -> 
