Using pre-set license
Built from '2021.3/staging' branch; Version is '2021.3.14f1 (eee1884e7226) revision 15655304'; Using compiler version '192829333'; Build Type 'Release'
OS: 'Windows 10  (10.0.19045) 64bit Professional' Language: 'ru' Physical Memory: 16202 MB
BatchMode: 1, IsHumanControllingUs: 0, StartBugReporterOnCrash: 0, Is64bit: 1, IsPro: 1

COMMAND LINE ARGUMENTS:
C:\Program Files\Unity\Hub\Editor\2021.3.14f1\Editor\Unity.exe
-adb2
-batchMode
-noUpm
-name
AssetImportWorker3
-projectPath
D:/Projects/TEST
-logFile
Logs/AssetImportWorker3.log
-srvPort
55028
Successfully changed project path to: D:/Projects/TEST
D:/Projects/TEST
[UnityMemory] Configuration Parameters - Can be set up in boot.config
    "memorysetup-bucket-allocator-granularity=16"
    "memorysetup-bucket-allocator-bucket-count=8"
    "memorysetup-bucket-allocator-block-size=33554432"
    "memorysetup-bucket-allocator-block-count=8"
    "memorysetup-main-allocator-block-size=16777216"
    "memorysetup-thread-allocator-block-size=16777216"
    "memorysetup-gfx-main-allocator-block-size=16777216"
    "memorysetup-gfx-thread-allocator-block-size=16777216"
    "memorysetup-cache-allocator-block-size=4194304"
    "memorysetup-typetree-allocator-block-size=2097152"
    "memorysetup-profiler-bucket-allocator-granularity=16"
    "memorysetup-profiler-bucket-allocator-bucket-count=8"
    "memorysetup-profiler-bucket-allocator-block-size=33554432"
    "memorysetup-profiler-bucket-allocator-block-count=8"
    "memorysetup-profiler-allocator-block-size=16777216"
    "memorysetup-profiler-editor-allocator-block-size=1048576"
    "memorysetup-temp-allocator-size-main=16777216"
    "memorysetup-job-temp-allocator-block-size=2097152"
    "memorysetup-job-temp-allocator-block-size-background=1048576"
    "memorysetup-job-temp-allocator-reduction-small-platforms=262144"
    "memorysetup-temp-allocator-size-background-worker=32768"
    "memorysetup-temp-allocator-size-job-worker=262144"
    "memorysetup-temp-allocator-size-preload-manager=33554432"
    "memorysetup-temp-allocator-size-nav-mesh-worker=65536"
    "memorysetup-temp-allocator-size-audio-worker=65536"
    "memorysetup-temp-allocator-size-cloud-worker=32768"
    "memorysetup-temp-allocator-size-gi-baking-worker=262144"
    "memorysetup-temp-allocator-size-gfx=262144"
Refreshing native plugins compatible for Editor in 131.48 ms, found 3 plugins.
Preloading 0 native plugins for Editor in 0.00 ms.
Initialize engine version: 2021.3.14f1 (eee1884e7226)
[Subsystems] Discovering subsystems at path C:/Program Files/Unity/Hub/Editor/2021.3.14f1/Editor/Data/Resources/UnitySubsystems
[Subsystems] Discovering subsystems at path D:/Projects/TEST/Assets
GfxDevice: creating device client; threaded=0; jobified=0
Direct3D:
    Version:  Direct3D 11.0 [level 11.1]
    Renderer: NVIDIA GeForce RTX 3050 Laptop GPU (ID=0x25a2)
    Vendor:   NVIDIA
    VRAM:     3977 MB
    Driver:   31.0.15.3118
Initialize mono
Mono path[0] = 'C:/Program Files/Unity/Hub/Editor/2021.3.14f1/Editor/Data/Managed'
Mono path[1] = 'C:/Program Files/Unity/Hub/Editor/2021.3.14f1/Editor/Data/MonoBleedingEdge/lib/mono/unityjit-win32'
Mono config path = 'C:/Program Files/Unity/Hub/Editor/2021.3.14f1/Editor/Data/MonoBleedingEdge/etc'
Using monoOptions --debugger-agent=transport=dt_socket,embedding=1,server=y,suspend=n,address=127.0.0.1:56744
Begin MonoManager ReloadAssembly
Registering precompiled unity dll's ...
Register platform support module: C:/Program Files/Unity/Hub/Editor/2021.3.14f1/Editor/Data/PlaybackEngines/WebGLSupport/UnityEditor.WebGL.Extensions.dll
Register platform support module: C:/Program Files/Unity/Hub/Editor/2021.3.14f1/Editor/Data/PlaybackEngines/WindowsStandaloneSupport/UnityEditor.WindowsStandalone.Extensions.dll
Registered in 0.006791 seconds.
Native extension for WindowsStandalone target not found
Native extension for WebGL target not found
Refreshing native plugins compatible for Editor in 123.27 ms, found 3 plugins.
Preloading 0 native plugins for Editor in 0.00 ms.
Mono: successfully reloaded assembly
- Completed reload, in  0.657 seconds
Domain Reload Profiling:
	ReloadAssembly (658ms)
		BeginReloadAssembly (74ms)
			ExecutionOrderSort (0ms)
			DisableScriptedObjects (0ms)
			BackupInstance (0ms)
			ReleaseScriptingObjects (0ms)
			CreateAndSetChildDomain (1ms)
		EndReloadAssembly (478ms)
			LoadAssemblies (72ms)
			RebuildTransferFunctionScriptingTraits (0ms)
			SetupTypeCache (105ms)
			ReleaseScriptCaches (0ms)
			RebuildScriptCaches (27ms)
			SetupLoadedEditorAssemblies (296ms)
				LogAssemblyErrors (0ms)
				InitializePlatformSupportModulesInManaged (9ms)
				SetLoadedEditorAssemblies (0ms)
				RefreshPlugins (123ms)
				BeforeProcessingInitializeOnLoad (1ms)
				ProcessInitializeOnLoadAttributes (120ms)
				ProcessInitializeOnLoadMethodAttributes (42ms)
				AfterProcessingInitializeOnLoad (0ms)
				EditorAssembliesLoaded (0ms)
			ExecutionOrderSort2 (0ms)
			AwakeInstancesAfterBackupRestoration (0ms)
Platform modules already initialized, skipping
Registering precompiled user dll's ...
Registered in 0.008181 seconds.
Begin MonoManager ReloadAssembly
Symbol file LoadedFromMemory doesn't match image D:\Projects\TEST\Library\PackageCache\com.unity.visualscripting@1.7.8\Editor\VisualScripting.Core\Dependencies\YamlDotNet\Unity.VisualScripting.YamlDotNet.dll
Symbol file LoadedFromMemory doesn't match image D:\Projects\TEST\Library\PackageCache\com.unity.visualscripting@1.7.8\Editor\VisualScripting.Core\Dependencies\DotNetZip\Unity.VisualScripting.IonicZip.dll
Native extension for WindowsStandalone target not found
Native extension for WebGL target not found
Refreshing native plugins compatible for Editor in 126.04 ms, found 3 plugins.
Preloading 0 native plugins for Editor in 0.00 ms.
Mono: successfully reloaded assembly
- Completed reload, in  1.376 seconds
Domain Reload Profiling:
	ReloadAssembly (1377ms)
		BeginReloadAssembly (105ms)
			ExecutionOrderSort (0ms)
			DisableScriptedObjects (6ms)
			BackupInstance (0ms)
			ReleaseScriptingObjects (0ms)
			CreateAndSetChildDomain (16ms)
		EndReloadAssembly (1155ms)
			LoadAssemblies (83ms)
			RebuildTransferFunctionScriptingTraits (0ms)
			SetupTypeCache (321ms)
			ReleaseScriptCaches (1ms)
			RebuildScriptCaches (67ms)
			SetupLoadedEditorAssemblies (647ms)
				LogAssemblyErrors (0ms)
				InitializePlatformSupportModulesInManaged (6ms)
				SetLoadedEditorAssemblies (0ms)
				RefreshPlugins (126ms)
				BeforeProcessingInitializeOnLoad (132ms)
				ProcessInitializeOnLoadAttributes (290ms)
				ProcessInitializeOnLoadMethodAttributes (86ms)
				AfterProcessingInitializeOnLoad (7ms)
				EditorAssembliesLoaded (0ms)
			ExecutionOrderSort2 (0ms)
			AwakeInstancesAfterBackupRestoration (5ms)
Platform modules already initialized, skipping
========================================================================
Worker process is ready to serve import requests
Launched and connected shader compiler UnityShaderCompiler.exe after 0.03 seconds
Refreshing native plugins compatible for Editor in 1.14 ms, found 3 plugins.
Preloading 0 native plugins for Editor in 0.00 ms.
Unloading 6410 Unused Serialized files (Serialized files now loaded: 0)
Unloading 58 unused Assets / (0.8 MB). Loaded Objects now: 6930.
Memory consumption went from 237.0 MB to 236.2 MB.
Total: 4.690800 ms (FindLiveObjects: 0.557100 ms CreateObjectMapping: 0.558000 ms MarkObjects: 3.191900 ms  DeleteObjects: 0.383000 ms)

AssetImportParameters requested are different than current active one (requested -> active):
  custom:video-decoder-ogg-theora: a1e56fd34408186e4bbccfd4996cb3dc -> 
  custom:container-muxer-webm: aa71ff27fc2769a1b78a27578f13a17b -> 
  custom:container-demuxer-webm: 4f35f7cbe854078d1ac9338744f61a02 -> 
  custom:video-encoder-webm-vp8: eb34c28f22e8b96e1ab97ce403110664 -> 
  custom:audio-encoder-webm-vorbis: bf7c407c2cedff20999df2af8eb42d56 -> 
  custom:framework-win-MediaFoundation: 216162199b28c13a410421893ffa2e32 -> 
  custom:container-demuxer-ogg: 62fdf1f143b41e24485cea50d1cbac27 -> 
  custom:video-decoder-webm-vp8: 9c59270c3fd7afecdb556c50c9e8de78 -> 
  custom:audio-decoder-ogg-vorbis: bf7c407c2cedff20999df2af8eb42d56 -> 
========================================================================
Received Import Request.
  Time since last request: 2854.737459 seconds.
  path: Assets/Plugins/CW/Nebula/GUIDE.asset
  artifactKey: Guid(10e082ee0005a0e4ea943f07e8e88696) Importer(815301076,1909f56bfc062723c751e8b465ee728b)
Start importing Assets/Plugins/CW/Nebula/GUIDE.asset using Guid(10e082ee0005a0e4ea943f07e8e88696) Importer(815301076,1909f56bfc062723c751e8b465ee728b)  -> (artifact id: '0d2ca872f61e90c9ae5699b78a728237') in 0.043197 seconds 
========================================================================
Received Import Request.
  Time since last request: 77.180370 seconds.
  path: Assets/Plugins/CW/Nebula/Prefabs/Clouds1.prefab
  artifactKey: Guid(8af395a092bbc1c49ac6a025b287af24) Importer(815301076,1909f56bfc062723c751e8b465ee728b)
Start importing Assets/Plugins/CW/Nebula/Prefabs/Clouds1.prefab using Guid(8af395a092bbc1c49ac6a025b287af24) Importer(815301076,1909f56bfc062723c751e8b465ee728b)  -> (artifact id: '26a8213f2877369387515be867fdfe9e') in 0.021436 seconds 
========================================================================
Received Import Request.
  Time since last request: 0.000028 seconds.
  path: Assets/Plugins/CW/Nebula/Prefabs/Clouds2B.prefab
  artifactKey: Guid(50ec16a10ead05a449eec0b75577abd7) Importer(815301076,1909f56bfc062723c751e8b465ee728b)
Start importing Assets/Plugins/CW/Nebula/Prefabs/Clouds2B.prefab using Guid(50ec16a10ead05a449eec0b75577abd7) Importer(815301076,1909f56bfc062723c751e8b465ee728b)  -> (artifact id: '3b4a55cc8323b1229b7809e9e49734f6') in 0.007289 seconds 
========================================================================
Received Import Request.
  Time since last request: 0.000023 seconds.
  path: Assets/Plugins/CW/Nebula/Prefabs/Clouds4.prefab
  artifactKey: Guid(3faf0411d6683594dbe014a7714644af) Importer(815301076,1909f56bfc062723c751e8b465ee728b)
Start importing Assets/Plugins/CW/Nebula/Prefabs/Clouds4.prefab using Guid(3faf0411d6683594dbe014a7714644af) Importer(815301076,1909f56bfc062723c751e8b465ee728b)  -> (artifact id: '18893990acd533ea25de902ef0715647') in 0.003407 seconds 
========================================================================
Received Import Request.
  Time since last request: 0.000034 seconds.
  path: Assets/Plugins/CW/Nebula/Prefabs/Clouds5.prefab
  artifactKey: Guid(526b42b3f9809ad44afd2f3d0a8bbeea) Importer(815301076,1909f56bfc062723c751e8b465ee728b)
Start importing Assets/Plugins/CW/Nebula/Prefabs/Clouds5.prefab using Guid(526b42b3f9809ad44afd2f3d0a8bbeea) Importer(815301076,1909f56bfc062723c751e8b465ee728b)  -> (artifact id: '12f9403967c7614fff3ddb0d52179a57') in 0.007257 seconds 
========================================================================
Received Import Request.
  Time since last request: 0.000039 seconds.
  path: Assets/Plugins/CW/Nebula/Prefabs/Nebula5.prefab
  artifactKey: Guid(1c7ff5dfc9a8d224d977ce0a6dce5eb3) Importer(815301076,1909f56bfc062723c751e8b465ee728b)
Start importing Assets/Plugins/CW/Nebula/Prefabs/Nebula5.prefab using Guid(1c7ff5dfc9a8d224d977ce0a6dce5eb3) Importer(815301076,1909f56bfc062723c751e8b465ee728b)  -> (artifact id: '3768074b1bd6a3512acd904d0e110e5e') in 0.006916 seconds 
========================================================================
Received Import Request.
  Time since last request: 0.000022 seconds.
  path: Assets/Plugins/CW/Nebula/Prefabs/Nebula7.prefab
  artifactKey: Guid(fb906abd540eb604d95bf193160881b9) Importer(815301076,1909f56bfc062723c751e8b465ee728b)
Start importing Assets/Plugins/CW/Nebula/Prefabs/Nebula7.prefab using Guid(fb906abd540eb604d95bf193160881b9) Importer(815301076,1909f56bfc062723c751e8b465ee728b)  -> (artifact id: '7daf00323097b7fc5f0b61f1bcfc466c') in 0.006793 seconds 
========================================================================
Received Import Request.
  Time since last request: 0.000024 seconds.
  path: Assets/Plugins/CW/Nebula/Prefabs/Nebula10.prefab
  artifactKey: Guid(3aaed889a7c7cd8448829986f35a4f10) Importer(815301076,1909f56bfc062723c751e8b465ee728b)
Start importing Assets/Plugins/CW/Nebula/Prefabs/Nebula10.prefab using Guid(3aaed889a7c7cd8448829986f35a4f10) Importer(815301076,1909f56bfc062723c751e8b465ee728b)  -> (artifact id: 'e16800f35f4f396c50a43d472234ec12') in 0.006431 seconds 
========================================================================
Received Import Request.
  Time since last request: 0.000022 seconds.
  path: Assets/Plugins/CW/Nebula/Prefabs/Nebula1.prefab
  artifactKey: Guid(6b72c3e3d15b4fe4289bbfd398915895) Importer(815301076,1909f56bfc062723c751e8b465ee728b)
Start importing Assets/Plugins/CW/Nebula/Prefabs/Nebula1.prefab using Guid(6b72c3e3d15b4fe4289bbfd398915895) Importer(815301076,1909f56bfc062723c751e8b465ee728b)  -> (artifact id: 'ee0925e1ef5ae97d6691db060f176e49') in 0.006686 seconds 
========================================================================
Received Import Request.
  Time since last request: 0.000019 seconds.
  path: Assets/Plugins/CW/Nebula/Prefabs/Nebula15.prefab
  artifactKey: Guid(a6b9934ddad246c45b8b6d7c8c079a94) Importer(815301076,1909f56bfc062723c751e8b465ee728b)
Start importing Assets/Plugins/CW/Nebula/Prefabs/Nebula15.prefab using Guid(a6b9934ddad246c45b8b6d7c8c079a94) Importer(815301076,1909f56bfc062723c751e8b465ee728b)  -> (artifact id: '972953092db61f5f04b2327437594e81') in 0.006171 seconds 
========================================================================
Received Import Request.
  Time since last request: 0.000017 seconds.
  path: Assets/Plugins/CW/Nebula/Prefabs/Nebula17B.prefab
  artifactKey: Guid(43daba988e5d15b428fed9b3408040d7) Importer(815301076,1909f56bfc062723c751e8b465ee728b)
Start importing Assets/Plugins/CW/Nebula/Prefabs/Nebula17B.prefab using Guid(43daba988e5d15b428fed9b3408040d7) Importer(815301076,1909f56bfc062723c751e8b465ee728b)  -> (artifact id: '0ee3dc8f01a95f1409ed180e5a30310f') in 0.006604 seconds 
========================================================================
Received Import Request.
  Time since last request: 0.000023 seconds.
  path: Assets/Plugins/CW/Nebula/Prefabs/Nebula17.prefab
  artifactKey: Guid(80b1d352c1d320648a27248df3690212) Importer(815301076,1909f56bfc062723c751e8b465ee728b)
Start importing Assets/Plugins/CW/Nebula/Prefabs/Nebula17.prefab using Guid(80b1d352c1d320648a27248df3690212) Importer(815301076,1909f56bfc062723c751e8b465ee728b)  -> (artifact id: '293585394d3b7ed648981d3a94f85bb4') in 0.008511 seconds 
========================================================================
Received Import Request.
  Time since last request: 0.000021 seconds.
  path: Assets/Plugins/CW/Nebula/Prefabs/Nebula19.prefab
  artifactKey: Guid(f2ce018bcf666ce4799c4442152bcb54) Importer(815301076,1909f56bfc062723c751e8b465ee728b)
Start importing Assets/Plugins/CW/Nebula/Prefabs/Nebula19.prefab using Guid(f2ce018bcf666ce4799c4442152bcb54) Importer(815301076,1909f56bfc062723c751e8b465ee728b)  -> (artifact id: '14fd6dc40f3dee99aa1d3e853018454f') in 0.008806 seconds 
========================================================================
Received Import Request.
  Time since last request: 0.000023 seconds.
  path: Assets/Plugins/CW/Nebula/Prefabs/Clouds2.prefab
  artifactKey: Guid(410a9d69146c42f4e8d592d5871ffeee) Importer(815301076,1909f56bfc062723c751e8b465ee728b)
Start importing Assets/Plugins/CW/Nebula/Prefabs/Clouds2.prefab using Guid(410a9d69146c42f4e8d592d5871ffeee) Importer(815301076,1909f56bfc062723c751e8b465ee728b)  -> (artifact id: '30e72644bf56f4bc5a0cfa35c417b73a') in 0.008240 seconds 
========================================================================
Received Import Request.
  Time since last request: 0.000021 seconds.
  path: Assets/Plugins/CW/Nebula/Prefabs/Nebula4.prefab
  artifactKey: Guid(19415c994aaf2414ea3083b5a429329a) Importer(815301076,1909f56bfc062723c751e8b465ee728b)
Start importing Assets/Plugins/CW/Nebula/Prefabs/Nebula4.prefab using Guid(19415c994aaf2414ea3083b5a429329a) Importer(815301076,1909f56bfc062723c751e8b465ee728b)  -> (artifact id: '85d61aab097ac6282dd11e595403c996') in 0.008724 seconds 
========================================================================
Received Import Request.
  Time since last request: 0.000025 seconds.
  path: Assets/Plugins/CW/Nebula/Prefabs/Nebula6.prefab
  artifactKey: Guid(d5c81fc8cf8df2b49b6727f4714efdc4) Importer(815301076,1909f56bfc062723c751e8b465ee728b)
Start importing Assets/Plugins/CW/Nebula/Prefabs/Nebula6.prefab using Guid(d5c81fc8cf8df2b49b6727f4714efdc4) Importer(815301076,1909f56bfc062723c751e8b465ee728b)  -> (artifact id: 'f89b160821c8a658677a3b28ddd6881d') in 0.009576 seconds 
========================================================================
Received Import Request.
  Time since last request: 0.000028 seconds.
  path: Assets/Plugins/CW/Nebula/Prefabs/Nebula9.prefab
  artifactKey: Guid(233028c262981014ab5a6e5880c8d614) Importer(815301076,1909f56bfc062723c751e8b465ee728b)
Start importing Assets/Plugins/CW/Nebula/Prefabs/Nebula9.prefab using Guid(233028c262981014ab5a6e5880c8d614) Importer(815301076,1909f56bfc062723c751e8b465ee728b)  -> (artifact id: '4ac7c49ceb21770aea2041509fcef9de') in 0.011779 seconds 
========================================================================
Received Import Request.
  Time since last request: 0.000023 seconds.
  path: Assets/Plugins/CW/Nebula/Prefabs/Nebula16B.prefab
  artifactKey: Guid(72fbcf93e84d4b940944b8aed2428898) Importer(815301076,1909f56bfc062723c751e8b465ee728b)
Start importing Assets/Plugins/CW/Nebula/Prefabs/Nebula16B.prefab using Guid(72fbcf93e84d4b940944b8aed2428898) Importer(815301076,1909f56bfc062723c751e8b465ee728b)  -> (artifact id: '6bb699f32e79d1380087398d42a6bb2a') in 0.009251 seconds 
========================================================================
Received Import Request.
  Time since last request: 28.141527 seconds.
  path: Assets/Plugins/CW/Nebula/Materials/Nebula3.mat
  artifactKey: Guid(c510457592788ca4d8e16bb38f100748) Importer(815301076,1909f56bfc062723c751e8b465ee728b)
Start importing Assets/Plugins/CW/Nebula/Materials/Nebula3.mat using Guid(c510457592788ca4d8e16bb38f100748) Importer(815301076,1909f56bfc062723c751e8b465ee728b)  -> (artifact id: 'e815a6ef0544cc319b8d39fb92ca0d23') in 0.624521 seconds 
========================================================================
Received Import Request.
  Time since last request: 0.000033 seconds.
  path: Assets/Plugins/CW/Nebula/Materials/Nebula13.mat
  artifactKey: Guid(0a47763484311f24ca8ccc7f0ffc58b8) Importer(815301076,1909f56bfc062723c751e8b465ee728b)
Start importing Assets/Plugins/CW/Nebula/Materials/Nebula13.mat using Guid(0a47763484311f24ca8ccc7f0ffc58b8) Importer(815301076,1909f56bfc062723c751e8b465ee728b)  -> (artifact id: 'c7b9e71e38b32a2ab7ef756ad54ea699') in 0.462616 seconds 
========================================================================
Received Import Request.
  Time since last request: 0.000055 seconds.
  path: Assets/Plugins/CW/Nebula/Materials/Nebula19.mat
  artifactKey: Guid(711ec4506b81a6e40bcca0efae689948) Importer(815301076,1909f56bfc062723c751e8b465ee728b)
Start importing Assets/Plugins/CW/Nebula/Materials/Nebula19.mat using Guid(711ec4506b81a6e40bcca0efae689948) Importer(815301076,1909f56bfc062723c751e8b465ee728b)  -> (artifact id: 'bb717f15c1f5fdb697ec8a6aad706ded') in 0.381478 seconds 
========================================================================
Received Import Request.
  Time since last request: 0.000043 seconds.
  path: Assets/Plugins/CW/Nebula/Materials/Nebula5.mat
  artifactKey: Guid(6f355a8ab6c96ba46999a41bd1462677) Importer(815301076,1909f56bfc062723c751e8b465ee728b)
Start importing Assets/Plugins/CW/Nebula/Materials/Nebula5.mat using Guid(6f355a8ab6c96ba46999a41bd1462677) Importer(815301076,1909f56bfc062723c751e8b465ee728b)  -> (artifact id: '9535e3817650fa79e5a0e3e08539daea') in 0.565840 seconds 
========================================================================
Received Import Request.
  Time since last request: 0.000040 seconds.
  path: Assets/Plugins/CW/Nebula/Materials/Nebula8.mat
  artifactKey: Guid(d179eaff520f72141b317fd32864e76a) Importer(815301076,1909f56bfc062723c751e8b465ee728b)
Start importing Assets/Plugins/CW/Nebula/Materials/Nebula8.mat using Guid(d179eaff520f72141b317fd32864e76a) Importer(815301076,1909f56bfc062723c751e8b465ee728b)  -> (artifact id: 'a2de321c733aae2edd21bc16a5b873df') in 0.492476 seconds 
========================================================================
Received Import Request.
  Time since last request: 0.000109 seconds.
  path: Assets/Plugins/CW/Nebula/Materials/Nebula15.mat
  artifactKey: Guid(5af9945d376546940abe0f627c2313e4) Importer(815301076,1909f56bfc062723c751e8b465ee728b)
Start importing Assets/Plugins/CW/Nebula/Materials/Nebula15.mat using Guid(5af9945d376546940abe0f627c2313e4) Importer(815301076,1909f56bfc062723c751e8b465ee728b)  -> (artifact id: '46511806a5b8215425fbb18a33c34568') in 0.611101 seconds 
========================================================================
Received Prepare
Registering precompiled user dll's ...
Registered in 0.008701 seconds.
Begin MonoManager ReloadAssembly
Symbol file LoadedFromMemory doesn't match image D:\Projects\TEST\Library\PackageCache\com.unity.visualscripting@1.7.8\Editor\VisualScripting.Core\Dependencies\YamlDotNet\Unity.VisualScripting.YamlDotNet.dll
Symbol file LoadedFromMemory doesn't match image D:\Projects\TEST\Library\PackageCache\com.unity.visualscripting@1.7.8\Editor\VisualScripting.Core\Dependencies\DotNetZip\Unity.VisualScripting.IonicZip.dll
Native extension for WindowsStandalone target not found
Native extension for WebGL target not found
Refreshing native plugins compatible for Editor in 1.38 ms, found 3 plugins.
Preloading 0 native plugins for Editor in 0.00 ms.
Mono: successfully reloaded assembly
- Completed reload, in  1.636 seconds
Domain Reload Profiling:
	ReloadAssembly (1637ms)
		BeginReloadAssembly (186ms)
			ExecutionOrderSort (0ms)
			DisableScriptedObjects (6ms)
			BackupInstance (0ms)
			ReleaseScriptingObjects (0ms)
			CreateAndSetChildDomain (56ms)
		EndReloadAssembly (1327ms)
			LoadAssemblies (118ms)
			RebuildTransferFunctionScriptingTraits (0ms)
			SetupTypeCache (428ms)
			ReleaseScriptCaches (2ms)
			RebuildScriptCaches (71ms)
			SetupLoadedEditorAssemblies (664ms)
				LogAssemblyErrors (0ms)
				InitializePlatformSupportModulesInManaged (18ms)
				SetLoadedEditorAssemblies (1ms)
				RefreshPlugins (2ms)
				BeforeProcessingInitializeOnLoad (123ms)
				ProcessInitializeOnLoadAttributes (376ms)
				ProcessInitializeOnLoadMethodAttributes (132ms)
				AfterProcessingInitializeOnLoad (13ms)
				EditorAssembliesLoaded (0ms)
			ExecutionOrderSort2 (0ms)
			AwakeInstancesAfterBackupRestoration (9ms)
Platform modules already initialized, skipping
Refreshing native plugins compatible for Editor in 4.61 ms, found 3 plugins.
Preloading 0 native plugins for Editor in 0.00 ms.
Unloading 6311 Unused Serialized files (Serialized files now loaded: 0)
Unloading 47 unused Assets / (0.7 MB). Loaded Objects now: 6974.
Memory consumption went from 233.6 MB to 232.9 MB.
Total: 7.046200 ms (FindLiveObjects: 0.709300 ms CreateObjectMapping: 0.974700 ms MarkObjects: 4.800300 ms  DeleteObjects: 0.560400 ms)

AssetImportParameters requested are different than current active one (requested -> active):
  custom:video-decoder-ogg-theora: a1e56fd34408186e4bbccfd4996cb3dc -> 
  custom:container-muxer-webm: aa71ff27fc2769a1b78a27578f13a17b -> 
  custom:container-demuxer-webm: 4f35f7cbe854078d1ac9338744f61a02 -> 
  custom:video-encoder-webm-vp8: eb34c28f22e8b96e1ab97ce403110664 -> 
  custom:audio-encoder-webm-vorbis: bf7c407c2cedff20999df2af8eb42d56 -> 
  custom:framework-win-MediaFoundation: 216162199b28c13a410421893ffa2e32 -> 
  custom:container-demuxer-ogg: 62fdf1f143b41e24485cea50d1cbac27 -> 
  custom:video-decoder-webm-vp8: 9c59270c3fd7afecdb556c50c9e8de78 -> 
  custom:audio-decoder-ogg-vorbis: bf7c407c2cedff20999df2af8eb42d56 -> 
========================================================================
Received Import Request.
  Time since last request: 86.231170 seconds.
  path: Assets/Plugins/CW/Nebula/Textures/Nebula1_Alpha.png
  artifactKey: Guid(e6a1619ee26344647bd550e039d00301) Importer(815301076,1909f56bfc062723c751e8b465ee728b)
Start importing Assets/Plugins/CW/Nebula/Textures/Nebula1_Alpha.png using Guid(e6a1619ee26344647bd550e039d00301) Importer(815301076,1909f56bfc062723c751e8b465ee728b)  -> (artifact id: 'f8a2c79e07c19a9412175910f5d114c3') in 0.094951 seconds 
========================================================================
Received Import Request.
  Time since last request: 67.313124 seconds.
  path: Assets/Plugins/CW/Backgrounds/Required/Prefabs/Starfield1.prefab
  artifactKey: Guid(e646338c90b86fa4dac78ade108ea2d3) Importer(815301076,1909f56bfc062723c751e8b465ee728b)
Start importing Assets/Plugins/CW/Backgrounds/Required/Prefabs/Starfield1.prefab using Guid(e646338c90b86fa4dac78ade108ea2d3) Importer(815301076,1909f56bfc062723c751e8b465ee728b)  -> (artifact id: 'f442b56a28227af9036ec0bff51cd0c4') in 0.017534 seconds 
========================================================================
Received Import Request.
  Time since last request: 0.000024 seconds.
  path: Assets/Plugins/CW/Backgrounds/Required/Prefabs/Starfield2.prefab
  artifactKey: Guid(7a02eac998117274fbe0855ceed6c980) Importer(815301076,1909f56bfc062723c751e8b465ee728b)
Start importing Assets/Plugins/CW/Backgrounds/Required/Prefabs/Starfield2.prefab using Guid(7a02eac998117274fbe0855ceed6c980) Importer(815301076,1909f56bfc062723c751e8b465ee728b)  -> (artifact id: '271cde59630c6800f5940113fe5d8911') in 0.010130 seconds 
========================================================================
Received Import Request.
  Time since last request: 0.000040 seconds.
  path: Assets/Plugins/CW/Backgrounds/Required/Prefabs
  artifactKey: Guid(57b91c19445f45548b571efbcd1fd7b0) Importer(815301076,1909f56bfc062723c751e8b465ee728b)
Start importing Assets/Plugins/CW/Backgrounds/Required/Prefabs using Guid(57b91c19445f45548b571efbcd1fd7b0) Importer(815301076,1909f56bfc062723c751e8b465ee728b)  -> (artifact id: 'b9757f1df4eb29204da19f1d8c4666eb') in 0.002578 seconds 
Editor requested this worker to shutdown with reason: Scaling down because of idle timeout
AssetImportWorker is now disconnected from the server
Process exiting
Exiting without the bug reporter. Application will terminate with return code 0